05-Nov-2015 14:35:15.276 INFO [main] org.apache.catalina.startup.VersionLoggerListener.log Server version:        Apache Tomcat/8.0.24
05-Nov-2015 14:35:15.277 INFO [main] org.apache.catalina.startup.VersionLoggerListener.log Server built:          Jul 1 2015 20:19:55 UTC
05-Nov-2015 14:35:15.277 INFO [main] org.apache.catalina.startup.VersionLoggerListener.log Server number:         8.0.24.0
05-Nov-2015 14:35:15.278 INFO [main] org.apache.catalina.startup.VersionLoggerListener.log OS Name:               Mac OS X
05-Nov-2015 14:35:15.278 INFO [main] org.apache.catalina.startup.VersionLoggerListener.log OS Version:            10.10.3
05-Nov-2015 14:35:15.278 INFO [main] org.apache.catalina.startup.VersionLoggerListener.log Architecture:          x86_64
05-Nov-2015 14:35:15.278 INFO [main] org.apache.catalina.startup.VersionLoggerListener.log Java Home:             /Library/Java/JavaVirtualMachines/jdk1.7.0_71.jdk/Contents/Home/jre
05-Nov-2015 14:35:15.278 INFO [main] org.apache.catalina.startup.VersionLoggerListener.log JVM Version:           1.7.0_71-b14
05-Nov-2015 14:35:15.278 INFO [main] org.apache.catalina.startup.VersionLoggerListener.log JVM Vendor:            Oracle Corporation
05-Nov-2015 14:35:15.278 INFO [main] org.apache.catalina.startup.VersionLoggerListener.log CATALINA_BASE:         /Users/king/Documents/apache/apache-tomcat-8.0.24
05-Nov-2015 14:35:15.278 INFO [main] org.apache.catalina.startup.VersionLoggerListener.log CATALINA_HOME:         /Users/king/Documents/apache/apache-tomcat-8.0.24
05-Nov-2015 14:35:15.279 INFO [main] org.apache.catalina.startup.VersionLoggerListener.log Command line argument: -Djava.util.logging.config.file=/Users/king/Documents/apache/apache-tomcat-8.0.24/conf/logging.properties
05-Nov-2015 14:35:15.279 INFO [main] org.apache.catalina.startup.VersionLoggerListener.log Command line argument: -Djava.util.logging.manager=org.apache.juli.ClassLoaderLogManager
05-Nov-2015 14:35:15.279 INFO [main] org.apache.catalina.startup.VersionLoggerListener.log Command line argument: -Djava.endorsed.dirs=/Users/king/Documents/apache/apache-tomcat-8.0.24/endorsed
05-Nov-2015 14:35:15.279 INFO [main] org.apache.catalina.startup.VersionLoggerListener.log Command line argument: -Dcatalina.base=/Users/king/Documents/apache/apache-tomcat-8.0.24
05-Nov-2015 14:35:15.279 INFO [main] org.apache.catalina.startup.VersionLoggerListener.log Command line argument: -Dcatalina.home=/Users/king/Documents/apache/apache-tomcat-8.0.24
05-Nov-2015 14:35:15.279 INFO [main] org.apache.catalina.startup.VersionLoggerListener.log Command line argument: -Djava.io.tmpdir=/Users/king/Documents/apache/apache-tomcat-8.0.24/temp
05-Nov-2015 14:35:15.279 INFO [main] org.apache.catalina.core.AprLifecycleListener.lifecycleEvent The APR based Apache Tomcat Native library which allows optimal performance in production environments was not found on the java.library.path: /Users/king/Library/Java/Extensions:/Library/Java/Extensions:/Network/Library/Java/Extensions:/System/Library/Java/Extensions:/usr/lib/java:.
05-Nov-2015 14:35:15.390 INFO [main] org.apache.coyote.AbstractProtocol.init Initializing ProtocolHandler ["http-nio-8080"]
05-Nov-2015 14:35:15.414 INFO [main] org.apache.tomcat.util.net.NioSelectorPool.getSharedSelector Using a shared selector for servlet write/read
05-Nov-2015 14:35:15.417 INFO [main] org.apache.coyote.AbstractProtocol.init Initializing ProtocolHandler ["ajp-nio-8009"]
05-Nov-2015 14:35:15.420 INFO [main] org.apache.tomcat.util.net.NioSelectorPool.getSharedSelector Using a shared selector for servlet write/read
05-Nov-2015 14:35:15.420 INFO [main] org.apache.catalina.startup.Catalina.load Initialization processed in 571 ms
05-Nov-2015 14:35:15.446 INFO [main] org.apache.catalina.core.StandardService.startInternal Starting service Catalina
05-Nov-2015 14:35:15.446 INFO [main] org.apache.catalina.core.StandardEngine.startInternal Starting Servlet Engine: Apache Tomcat/8.0.24
05-Nov-2015 14:35:15.453 INFO [localhost-startStop-1] org.apache.catalina.startup.HostConfig.deployDirectory Deploying web application directory /Users/king/Documents/apache/apache-tomcat-8.0.24/webapps/docs
05-Nov-2015 14:35:15.976 WARNING [localhost-startStop-1] org.apache.tomcat.dbcp.dbcp2.BasicDataSourceFactory.getObjectInstance Name = HISDB Property maxActive is not used in DBCP2, use maxTotal instead. maxTotal default value is 8. You have set value of "5" for "maxActive" property, which is being ignored.
05-Nov-2015 14:35:15.985 WARNING [localhost-startStop-1] org.apache.tomcat.dbcp.dbcp2.BasicDataSourceFactory.getObjectInstance Name = AiomniDB Property maxActive is not used in DBCP2, use maxTotal instead. maxTotal default value is 8. You have set value of "5" for "maxActive" property, which is being ignored.
05-Nov-2015 14:35:15.986 WARNING [localhost-startStop-1] org.apache.tomcat.dbcp.dbcp2.BasicDataSourceFactory.getObjectInstance Name = mysql Property maxActive is not used in DBCP2, use maxTotal instead. maxTotal default value is 8. You have set value of "100" for "maxActive" property, which is being ignored.
05-Nov-2015 14:35:15.986 WARNING [localhost-startStop-1] org.apache.tomcat.dbcp.dbcp2.BasicDataSourceFactory.getObjectInstance Name = mysql Property maxWait is not used in DBCP2 , use maxWaitMillis instead. maxWaitMillis default value is -1. You have set value of "1000" for "maxWait" property, which is being ignored.
05-Nov-2015 14:35:15.987 WARNING [localhost-startStop-1] org.apache.tomcat.dbcp.dbcp2.BasicDataSourceFactory.getObjectInstance Name = MYTESTDB Property maxActive is not used in DBCP2, use maxTotal instead. maxTotal default value is 8. You have set value of "5" for "maxActive" property, which is being ignored.
05-Nov-2015 14:35:15.987 WARNING [localhost-startStop-1] org.apache.tomcat.dbcp.dbcp2.BasicDataSourceFactory.getObjectInstance Name = WEDB Property maxActive is not used in DBCP2, use maxTotal instead. maxTotal default value is 8. You have set value of "5" for "maxActive" property, which is being ignored.
05-Nov-2015 14:35:15.988 WARNING [localhost-startStop-1] org.apache.tomcat.dbcp.dbcp2.BasicDataSourceFactory.getObjectInstance Name = METADB Property maxActive is not used in DBCP2, use maxTotal instead. maxTotal default value is 8. You have set value of "5" for "maxActive" property, which is being ignored.
05-Nov-2015 14:35:16.015 INFO [localhost-startStop-1] org.apache.jasper.servlet.TldScanner.scanJars At least one JAR was scanned for TLDs yet contained no TLDs. Enable debug logging for this logger for a complete list of JARs that were scanned but no TLDs were found in them. Skipping unneeded JARs during scanning can improve startup time and JSP compilation time.
05-Nov-2015 14:35:16.074 INFO [localhost-startStop-1] org.apache.catalina.startup.HostConfig.deployDirectory Deployment of web application directory /Users/king/Documents/apache/apache-tomcat-8.0.24/webapps/docs has finished in 620 ms
05-Nov-2015 14:35:16.074 INFO [localhost-startStop-1] org.apache.catalina.startup.HostConfig.deployDirectory Deploying web application directory /Users/king/Documents/apache/apache-tomcat-8.0.24/webapps/examples
05-Nov-2015 14:35:16.406 WARNING [localhost-startStop-1] org.apache.tomcat.dbcp.dbcp2.BasicDataSourceFactory.getObjectInstance Name = HISDB Property maxActive is not used in DBCP2, use maxTotal instead. maxTotal default value is 8. You have set value of "5" for "maxActive" property, which is being ignored.
05-Nov-2015 14:35:16.407 WARNING [localhost-startStop-1] org.apache.tomcat.dbcp.dbcp2.BasicDataSourceFactory.getObjectInstance Name = AiomniDB Property maxActive is not used in DBCP2, use maxTotal instead. maxTotal default value is 8. You have set value of "5" for "maxActive" property, which is being ignored.
05-Nov-2015 14:35:16.408 WARNING [localhost-startStop-1] org.apache.tomcat.dbcp.dbcp2.BasicDataSourceFactory.getObjectInstance Name = mysql Property maxActive is not used in DBCP2, use maxTotal instead. maxTotal default value is 8. You have set value of "100" for "maxActive" property, which is being ignored.
05-Nov-2015 14:35:16.408 WARNING [localhost-startStop-1] org.apache.tomcat.dbcp.dbcp2.BasicDataSourceFactory.getObjectInstance Name = mysql Property maxWait is not used in DBCP2 , use maxWaitMillis instead. maxWaitMillis default value is -1. You have set value of "1000" for "maxWait" property, which is being ignored.
05-Nov-2015 14:35:16.409 WARNING [localhost-startStop-1] org.apache.tomcat.dbcp.dbcp2.BasicDataSourceFactory.getObjectInstance Name = MYTESTDB Property maxActive is not used in DBCP2, use maxTotal instead. maxTotal default value is 8. You have set value of "5" for "maxActive" property, which is being ignored.
05-Nov-2015 14:35:16.410 WARNING [localhost-startStop-1] org.apache.tomcat.dbcp.dbcp2.BasicDataSourceFactory.getObjectInstance Name = WEDB Property maxActive is not used in DBCP2, use maxTotal instead. maxTotal default value is 8. You have set value of "5" for "maxActive" property, which is being ignored.
05-Nov-2015 14:35:16.411 WARNING [localhost-startStop-1] org.apache.tomcat.dbcp.dbcp2.BasicDataSourceFactory.getObjectInstance Name = METADB Property maxActive is not used in DBCP2, use maxTotal instead. maxTotal default value is 8. You have set value of "5" for "maxActive" property, which is being ignored.
05-Nov-2015 14:35:16.497 INFO [localhost-startStop-1] org.apache.jasper.servlet.TldScanner.scanJars At least one JAR was scanned for TLDs yet contained no TLDs. Enable debug logging for this logger for a complete list of JARs that were scanned but no TLDs were found in them. Skipping unneeded JARs during scanning can improve startup time and JSP compilation time.
05-Nov-2015 14:35:16.534 INFO [localhost-startStop-1] org.apache.catalina.startup.HostConfig.deployDirectory Deployment of web application directory /Users/king/Documents/apache/apache-tomcat-8.0.24/webapps/examples has finished in 460 ms
05-Nov-2015 14:35:16.534 INFO [localhost-startStop-1] org.apache.catalina.startup.HostConfig.deployDirectory Deploying web application directory /Users/king/Documents/apache/apache-tomcat-8.0.24/webapps/host-manager
05-Nov-2015 14:35:16.727 WARNING [localhost-startStop-1] org.apache.tomcat.dbcp.dbcp2.BasicDataSourceFactory.getObjectInstance Name = HISDB Property maxActive is not used in DBCP2, use maxTotal instead. maxTotal default value is 8. You have set value of "5" for "maxActive" property, which is being ignored.
05-Nov-2015 14:35:16.728 WARNING [localhost-startStop-1] org.apache.tomcat.dbcp.dbcp2.BasicDataSourceFactory.getObjectInstance Name = AiomniDB Property maxActive is not used in DBCP2, use maxTotal instead. maxTotal default value is 8. You have set value of "5" for "maxActive" property, which is being ignored.
05-Nov-2015 14:35:16.729 WARNING [localhost-startStop-1] org.apache.tomcat.dbcp.dbcp2.BasicDataSourceFactory.getObjectInstance Name = mysql Property maxActive is not used in DBCP2, use maxTotal instead. maxTotal default value is 8. You have set value of "100" for "maxActive" property, which is being ignored.
05-Nov-2015 14:35:16.729 WARNING [localhost-startStop-1] org.apache.tomcat.dbcp.dbcp2.BasicDataSourceFactory.getObjectInstance Name = mysql Property maxWait is not used in DBCP2 , use maxWaitMillis instead. maxWaitMillis default value is -1. You have set value of "1000" for "maxWait" property, which is being ignored.
05-Nov-2015 14:35:16.729 WARNING [localhost-startStop-1] org.apache.tomcat.dbcp.dbcp2.BasicDataSourceFactory.getObjectInstance Name = MYTESTDB Property maxActive is not used in DBCP2, use maxTotal instead. maxTotal default value is 8. You have set value of "5" for "maxActive" property, which is being ignored.
05-Nov-2015 14:35:16.730 WARNING [localhost-startStop-1] org.apache.tomcat.dbcp.dbcp2.BasicDataSourceFactory.getObjectInstance Name = WEDB Property maxActive is not used in DBCP2, use maxTotal instead. maxTotal default value is 8. You have set value of "5" for "maxActive" property, which is being ignored.
05-Nov-2015 14:35:16.730 WARNING [localhost-startStop-1] org.apache.tomcat.dbcp.dbcp2.BasicDataSourceFactory.getObjectInstance Name = METADB Property maxActive is not used in DBCP2, use maxTotal instead. maxTotal default value is 8. You have set value of "5" for "maxActive" property, which is being ignored.
05-Nov-2015 14:35:16.733 INFO [localhost-startStop-1] org.apache.jasper.servlet.TldScanner.scanJars At least one JAR was scanned for TLDs yet contained no TLDs. Enable debug logging for this logger for a complete list of JARs that were scanned but no TLDs were found in them. Skipping unneeded JARs during scanning can improve startup time and JSP compilation time.
05-Nov-2015 14:35:16.738 INFO [localhost-startStop-1] org.apache.catalina.startup.HostConfig.deployDirectory Deployment of web application directory /Users/king/Documents/apache/apache-tomcat-8.0.24/webapps/host-manager has finished in 204 ms
05-Nov-2015 14:35:16.739 INFO [localhost-startStop-1] org.apache.catalina.startup.HostConfig.deployDirectory Deploying web application directory /Users/king/Documents/apache/apache-tomcat-8.0.24/webapps/manager
05-Nov-2015 14:35:16.905 WARNING [localhost-startStop-1] org.apache.tomcat.dbcp.dbcp2.BasicDataSourceFactory.getObjectInstance Name = HISDB Property maxActive is not used in DBCP2, use maxTotal instead. maxTotal default value is 8. You have set value of "5" for "maxActive" property, which is being ignored.
05-Nov-2015 14:35:16.906 WARNING [localhost-startStop-1] org.apache.tomcat.dbcp.dbcp2.BasicDataSourceFactory.getObjectInstance Name = AiomniDB Property maxActive is not used in DBCP2, use maxTotal instead. maxTotal default value is 8. You have set value of "5" for "maxActive" property, which is being ignored.
05-Nov-2015 14:35:16.906 WARNING [localhost-startStop-1] org.apache.tomcat.dbcp.dbcp2.BasicDataSourceFactory.getObjectInstance Name = mysql Property maxActive is not used in DBCP2, use maxTotal instead. maxTotal default value is 8. You have set value of "100" for "maxActive" property, which is being ignored.
05-Nov-2015 14:35:16.906 WARNING [localhost-startStop-1] org.apache.tomcat.dbcp.dbcp2.BasicDataSourceFactory.getObjectInstance Name = mysql Property maxWait is not used in DBCP2 , use maxWaitMillis instead. maxWaitMillis default value is -1. You have set value of "1000" for "maxWait" property, which is being ignored.
05-Nov-2015 14:35:16.907 WARNING [localhost-startStop-1] org.apache.tomcat.dbcp.dbcp2.BasicDataSourceFactory.getObjectInstance Name = MYTESTDB Property maxActive is not used in DBCP2, use maxTotal instead. maxTotal default value is 8. You have set value of "5" for "maxActive" property, which is being ignored.
05-Nov-2015 14:35:16.907 WARNING [localhost-startStop-1] org.apache.tomcat.dbcp.dbcp2.BasicDataSourceFactory.getObjectInstance Name = WEDB Property maxActive is not used in DBCP2, use maxTotal instead. maxTotal default value is 8. You have set value of "5" for "maxActive" property, which is being ignored.
05-Nov-2015 14:35:16.908 WARNING [localhost-startStop-1] org.apache.tomcat.dbcp.dbcp2.BasicDataSourceFactory.getObjectInstance Name = METADB Property maxActive is not used in DBCP2, use maxTotal instead. maxTotal default value is 8. You have set value of "5" for "maxActive" property, which is being ignored.
05-Nov-2015 14:35:16.911 INFO [localhost-startStop-1] org.apache.jasper.servlet.TldScanner.scanJars At least one JAR was scanned for TLDs yet contained no TLDs. Enable debug logging for this logger for a complete list of JARs that were scanned but no TLDs were found in them. Skipping unneeded JARs during scanning can improve startup time and JSP compilation time.
05-Nov-2015 14:35:16.913 INFO [localhost-startStop-1] org.apache.catalina.startup.HostConfig.deployDirectory Deployment of web application directory /Users/king/Documents/apache/apache-tomcat-8.0.24/webapps/manager has finished in 174 ms
05-Nov-2015 14:35:16.913 INFO [localhost-startStop-1] org.apache.catalina.startup.HostConfig.deployDirectory Deploying web application directory /Users/king/Documents/apache/apache-tomcat-8.0.24/webapps/ROOT
05-Nov-2015 14:35:17.088 WARNING [localhost-startStop-1] org.apache.tomcat.dbcp.dbcp2.BasicDataSourceFactory.getObjectInstance Name = HISDB Property maxActive is not used in DBCP2, use maxTotal instead. maxTotal default value is 8. You have set value of "5" for "maxActive" property, which is being ignored.
05-Nov-2015 14:35:17.088 WARNING [localhost-startStop-1] org.apache.tomcat.dbcp.dbcp2.BasicDataSourceFactory.getObjectInstance Name = AiomniDB Property maxActive is not used in DBCP2, use maxTotal instead. maxTotal default value is 8. You have set value of "5" for "maxActive" property, which is being ignored.
05-Nov-2015 14:35:17.089 WARNING [localhost-startStop-1] org.apache.tomcat.dbcp.dbcp2.BasicDataSourceFactory.getObjectInstance Name = mysql Property maxActive is not used in DBCP2, use maxTotal instead. maxTotal default value is 8. You have set value of "100" for "maxActive" property, which is being ignored.
05-Nov-2015 14:35:17.089 WARNING [localhost-startStop-1] org.apache.tomcat.dbcp.dbcp2.BasicDataSourceFactory.getObjectInstance Name = mysql Property maxWait is not used in DBCP2 , use maxWaitMillis instead. maxWaitMillis default value is -1. You have set value of "1000" for "maxWait" property, which is being ignored.
05-Nov-2015 14:35:17.089 WARNING [localhost-startStop-1] org.apache.tomcat.dbcp.dbcp2.BasicDataSourceFactory.getObjectInstance Name = MYTESTDB Property maxActive is not used in DBCP2, use maxTotal instead. maxTotal default value is 8. You have set value of "5" for "maxActive" property, which is being ignored.
05-Nov-2015 14:35:17.090 WARNING [localhost-startStop-1] org.apache.tomcat.dbcp.dbcp2.BasicDataSourceFactory.getObjectInstance Name = WEDB Property maxActive is not used in DBCP2, use maxTotal instead. maxTotal default value is 8. You have set value of "5" for "maxActive" property, which is being ignored.
05-Nov-2015 14:35:17.090 WARNING [localhost-startStop-1] org.apache.tomcat.dbcp.dbcp2.BasicDataSourceFactory.getObjectInstance Name = METADB Property maxActive is not used in DBCP2, use maxTotal instead. maxTotal default value is 8. You have set value of "5" for "maxActive" property, which is being ignored.
05-Nov-2015 14:35:17.093 INFO [localhost-startStop-1] org.apache.jasper.servlet.TldScanner.scanJars At least one JAR was scanned for TLDs yet contained no TLDs. Enable debug logging for this logger for a complete list of JARs that were scanned but no TLDs were found in them. Skipping unneeded JARs during scanning can improve startup time and JSP compilation time.
05-Nov-2015 14:35:17.095 INFO [localhost-startStop-1] org.apache.catalina.startup.HostConfig.deployDirectory Deployment of web application directory /Users/king/Documents/apache/apache-tomcat-8.0.24/webapps/ROOT has finished in 182 ms
05-Nov-2015 14:35:17.099 INFO [main] org.apache.coyote.AbstractProtocol.start Starting ProtocolHandler ["http-nio-8080"]
05-Nov-2015 14:35:17.104 INFO [main] org.apache.coyote.AbstractProtocol.start Starting ProtocolHandler ["ajp-nio-8009"]
05-Nov-2015 14:35:17.104 INFO [main] org.apache.catalina.startup.Catalina.start Server startup in 1683 ms
05-Nov-2015 14:40:07.916 INFO [Thread-5] org.apache.coyote.AbstractProtocol.pause Pausing ProtocolHandler ["http-nio-8080"]
05-Nov-2015 14:40:07.976 INFO [Thread-5] org.apache.coyote.AbstractProtocol.pause Pausing ProtocolHandler ["ajp-nio-8009"]
05-Nov-2015 14:40:08.031 INFO [Thread-5] org.apache.catalina.core.StandardService.stopInternal Stopping service Catalina
05-Nov-2015 14:40:08.066 INFO [Thread-5] org.apache.coyote.AbstractProtocol.stop Stopping ProtocolHandler ["http-nio-8080"]
05-Nov-2015 14:40:08.067 INFO [Thread-5] org.apache.coyote.AbstractProtocol.stop Stopping ProtocolHandler ["ajp-nio-8009"]
05-Nov-2015 14:40:08.068 INFO [Thread-5] org.apache.coyote.AbstractProtocol.destroy Destroying ProtocolHandler ["http-nio-8080"]
05-Nov-2015 14:40:08.068 INFO [Thread-5] org.apache.coyote.AbstractProtocol.destroy Destroying ProtocolHandler ["ajp-nio-8009"]
